<?xml version="1.0" encoding="UTF-8"?>
<testng-results ignored="0" total="1" passed="1" failed="0" skipped="0">
  <reporter-output>
  </reporter-output>
  <suite started-at="2020-10-09T12:57:33 IST" name="Default suite" finished-at="2020-10-09T12:57:56 IST" duration-ms="22809">
    <groups>
    </groups>
    <test started-at="2020-10-09T12:57:33 IST" name="Default test" finished-at="2020-10-09T12:57:56 IST" duration-ms="22809">
      <class name="Admin_Panel.PromotionDisc">
        <test-method is-config="true" signature="setUp()[pri:0, instance:Admin_Panel.PromotionDisc@35aea049]" started-at="2020-10-09T12:57:33 IST" name="setUp" finished-at="2020-10-09T12:57:41 IST" duration-ms="7673" status="PASS">
          <reporter-output>
          </reporter-output>
        </test-method> <!-- setUp -->
        <test-method signature="testPromoDiscount()[pri:0, instance:Admin_Panel.PromotionDisc@35aea049]" started-at="2020-10-09T12:57:41 IST" name="testPromoDiscount" finished-at="2020-10-09T12:57:53 IST" duration-ms="12421" status="PASS">
          <reporter-output>
          </reporter-output>
        </test-method> <!-- testPromoDiscount -->
        <test-method is-config="true" signature="tearDown()[pri:0, instance:Admin_Panel.PromotionDisc@35aea049]" started-at="2020-10-09T12:57:53 IST" name="tearDown" finished-at="2020-10-09T12:57:56 IST" duration-ms="2667" status="PASS">
          <reporter-output>
          </reporter-output>
        </test-method> <!-- tearDown -->
      </class> <!-- Admin_Panel.PromotionDisc -->
    </test> <!-- Default test -->
  </suite> <!-- Default suite -->
</testng-results>
